#
# A fatal error has been detected by the Java Runtime Environment:
#
#  SIGSEGV (0xb) at pc=0x0000000117576cdd, pid=82298, tid=0x000000000000cb07
#
# JRE version: Java(TM) SE Runtime Environment (8.0_101-b13) (build 1.8.0_101-b13)
# Java VM: Java HotSpot(TM) 64-Bit Server VM (25.101-b13 mixed mode bsd-amd64 compressed oops)
# Problematic frame:
# C  [libawt_lwawt.dylib+0x1acdd]  OGLSD_SetScratchSurface+0x49
#
# Failed to write core dump. Core dumps have been disabled. To enable core dumping, try "ulimit -c unlimited" before starting Java again
#
# If you would like to submit a bug report, please visit:
#   http://bugreport.java.com/bugreport/crash.jsp
# The crash happened outside the Java Virtual Machine in native code.
# See problematic frame for where to report the bug.
#

---------------  T H R E A D  ---------------

Current thread (0x00007fd7c0165000):  JavaThread "Java2D Queue Flusher" daemon [_thread_in_native, id=51975, stack(0x0000700007876000,0x0000700007976000)]

siginfo: si_signo: 11 (SIGSEGV), si_code: 1 (SEGV_MAPERR), si_addr: 0x0000000000000002

Registers:
RAX=0x00000001175972fa, RBX=0x0000000000000002, RCX=0x0000000000000047, RDX=0x0000000117597844
RSP=0x00007000079756c0, RBP=0x00007000079756e0, RSI=0x00007fd7bf4d8420, RDI=0x00007fd7c01651f8
R8 =0x000000010d963448, R9 =0x0000000000000005, R10=0x0000000119b8bc38, R11=0x000000010e6e2b5b
R12=0x0000000000000000, R13=0x0000000129bb5028, R14=0x00007fd7c01651f8, R15=0x00007fd7c0165000
RIP=0x0000000117576cdd, EFLAGS=0x0000000000010202, ERR=0x0000000000000004
  TRAPNO=0x000000000000000e

Top of Stack: (sp=0x00007000079756c0)
0x00007000079756c0:   00007fd7bf4d8420 0000000000000000
0x00007000079756d0:   00007fd7c0196410 00007fd7c0165000
0x00007000079756e0:   0000700007975760 0000000117597322
0x00007000079756f0:   0000000129bb5028 0000000129bb5028
0x0000700007975700:   0000000129bb5028 0000000000000000
0x0000700007975710:   0000000000000000 0000000129bb5028
0x0000700007975720:   00007fd7c0165000 00007fd7c0196420
0x0000700007975730:   0000700000975780 00007fd7c01651f8
0x0000700007975740:   0000000129bb5028 0000000000000000
0x0000700007975750:   0000700007975810 00007fd7c0165000
0x0000700007975760:   00007000079757d8 0000000119b8bc64
0x0000700007975770:   0000000129bb5028 0000700007975810
0x0000700007975780:   00007000079757d8 0000000119b8c480
0x0000700007975790:   0000000119b8c43e 0000700007975798
0x00007000079757a0:   0000000129bb5028 0000700007975810
0x00007000079757b0:   0000000129bb6130 0000000000000000
0x00007000079757c0:   0000000129bb5028 0000000000000000
0x00007000079757d0:   0000700007975820 0000700007975940
0x00007000079757e0:   000000011a3ccb44 0000000000000000
0x00007000079757f0:   0000000119b82478 0000000000000020
0x0000700007975800:   00007fd7c0196400 00007fd7bf69cf58
0x0000700007975810:   00000007991b89e0 000000011a3ccb44
0x0000700007975820:   00007fd700000005 00007fd7c0165000
0x0000700007975830:   0000000000000001 00007fd7bf69da80
0x0000700007975840:   000000079918a100 00007fd7c0165000
0x0000700007975850:   00007fd7c0165000 0000000114009a00
0x0000700007975860:   0000700007975968 00007fd7c0165000
0x0000700007975870:   00000007991b89e0 0000000100000020
0x0000700007975880:   000000079918a178 000000011a2b55a6
0x0000700007975890:   0000700007975940 000000011a3cd1ec
0x00007000079758a0:   000000012d92ff77 00007000079758e8
0x00007000079758b0:   000000012d930010 0000000000000000 

Instructions: (pc=0x0000000117576cdd)
0x0000000117576cbd:   c0 e9 82 00 00 00 48 8b 5e 10 48 85 db 75 0e bf
0x0000000117576ccd:   01 00 00 00 48 8d 15 ef 76 03 00 eb d6 49 89 fe
0x0000000117576cdd:   4c 8b 3b 30 c0 e8 83 a3 02 00 49 8b 3f 49 89 c4
0x0000000117576ced:   48 8b 35 34 f9 05 00 30 c0 e8 cb a4 02 00 48 85 

Register to memory mapping:

RAX=0x00000001175972fa: Java_sun_java2d_opengl_OGLRenderQueue_flushBuffer+0x612 in /Library/Java/JavaVirtualMachines/jdk1.8.0_101.jdk/Contents/Home/jre/lib/libawt_lwawt.dylib at 0x000000011755c000
RBX=0x0000000000000002 is an unknown value
RCX=0x0000000000000047 is an unknown value
RDX=0x0000000117597844: Java_sun_java2d_opengl_OGLRenderQueue_flushBuffer+0xb5c in /Library/Java/JavaVirtualMachines/jdk1.8.0_101.jdk/Contents/Home/jre/lib/libawt_lwawt.dylib at 0x000000011755c000
RSP=0x00007000079756c0 is pointing into the stack for thread: 0x00007fd7c0165000
RBP=0x00007000079756e0 is pointing into the stack for thread: 0x00007fd7c0165000
RSI=0x00007fd7bf4d8420 is an unknown value
RDI=0x00007fd7c01651f8 is an unknown value
R8 =0x000000010d963448 is an unknown value
R9 =0x0000000000000005 is an unknown value
R10=0x0000000119b8bc38 is at code_begin+1528 in an Interpreter codelet
method entry point (kind = native)  [0x0000000119b8b640, 0x0000000119b8c560]  3872 bytes
R11=0x000000010e6e2b5b: throw_unsatisfied_link_error+0 in /Library/Java/JavaVirtualMachines/jdk1.8.0_101.jdk/Contents/Home/jre/lib/server/libjvm.dylib at 0x000000010e200000
R12=0x0000000000000000 is an unknown value
R13={method} {0x0000000129bb5028} 'flushBuffer' '(JI)V' in 'sun/java2d/opengl/OGLRenderQueue'
R14=0x00007fd7c01651f8 is an unknown value
R15=0x00007fd7c0165000 is a thread


Stack: [0x0000700007876000,0x0000700007976000],  sp=0x00007000079756c0,  free space=1021k
Native frames: (J=compiled Java code, j=interpreted, Vv=VM code, C=native code)
C  [libawt_lwawt.dylib+0x1acdd]  OGLSD_SetScratchSurface+0x49
C  [libawt_lwawt.dylib+0x3b322]  Java_sun_java2d_opengl_OGLRenderQueue_flushBuffer+0x63a
j  sun.java2d.opengl.OGLRenderQueue.flushBuffer(JI)V+0
J 2714 C1 sun.java2d.opengl.OGLRenderQueue.flushBuffer()V (41 bytes) @ 0x000000011a3ccb44 [0x000000011a3cc8e0+0x264]
J 2713 C1 sun.java2d.opengl.OGLRenderQueue.access$100(Lsun/java2d/opengl/OGLRenderQueue;)V (5 bytes) @ 0x000000011a3cd1ec [0x000000011a3cd180+0x6c]
j  sun.java2d.opengl.OGLRenderQueue$QueueFlusher.run()V+81
v  ~StubRoutines::call_stub
V  [libjvm.dylib+0x2ecf06]
V  [libjvm.dylib+0x2ed694]
V  [libjvm.dylib+0x2ed840]
V  [libjvm.dylib+0x348029]
V  [libjvm.dylib+0x5695ab]
V  [libjvm.dylib+0x56ac98]
V  [libjvm.dylib+0x48933a]
C  [libsystem_pthread.dylib+0x3661]  _pthread_body+0x154
C  [libsystem_pthread.dylib+0x350d]  _pthread_body+0x0
C  [libsystem_pthread.dylib+0x2bf9]  thread_start+0xd
C  0x0000000000000000

Java frames: (J=compiled Java code, j=interpreted, Vv=VM code)
j  sun.java2d.opengl.OGLRenderQueue.flushBuffer(JI)V+0
J 2714 C1 sun.java2d.opengl.OGLRenderQueue.flushBuffer()V (41 bytes) @ 0x000000011a3ccb44 [0x000000011a3cc8e0+0x264]
J 2713 C1 sun.java2d.opengl.OGLRenderQueue.access$100(Lsun/java2d/opengl/OGLRenderQueue;)V (5 bytes) @ 0x000000011a3cd1ec [0x000000011a3cd180+0x6c]
j  sun.java2d.opengl.OGLRenderQueue$QueueFlusher.run()V+81
v  ~StubRoutines::call_stub

---------------  P R O C E S S  ---------------

Java Threads: ( => current thread )
  0x00007fd7c0a29000 JavaThread "Thread-1" [_thread_blocked, id=72711, stack(0x00007000079fc000,0x0000700007afc000)]
=>0x00007fd7c0165000 JavaThread "Java2D Queue Flusher" daemon [_thread_in_native, id=51975, stack(0x0000700007876000,0x0000700007976000)]
  0x00007fd7c1200800 JavaThread "AWT-EventQueue-0" [_thread_blocked, id=77827, stack(0x0000700007773000,0x0000700007873000)]
  0x00007fd7c014d000 JavaThread "TimerQueue" daemon [_thread_blocked, id=78347, stack(0x0000700007670000,0x0000700007770000)]
  0x00007fd7bf8fd000 JavaThread "Java2D Disposer" daemon [_thread_blocked, id=85055, stack(0x000070000756d000,0x000070000766d000)]
  0x00007fd7c0095800 JavaThread "AWT-Shutdown" [_thread_blocked, id=26155, stack(0x00007000072e1000,0x00007000073e1000)]
  0x00007fd7c083a000 JavaThread "AppKit Thread" daemon [_thread_in_native, id=775, stack(0x00007ffee1c11000,0x00007ffee2411000)]
  0x00007fd7bf810000 JavaThread "Service Thread" daemon [_thread_blocked, id=14851, stack(0x0000700007058000,0x0000700007158000)]
  0x00007fd7bf80c000 JavaThread "C1 CompilerThread2" daemon [_thread_blocked, id=16899, stack(0x0000700006f55000,0x0000700007055000)]
  0x00007fd7bf80f000 JavaThread "C2 CompilerThread1" daemon [_thread_blocked, id=14339, stack(0x0000700006e52000,0x0000700006f52000)]
  0x00007fd7c0839000 JavaThread "C2 CompilerThread0" daemon [_thread_blocked, id=17411, stack(0x0000700006d4f000,0x0000700006e4f000)]
  0x00007fd7c0012800 JavaThread "JDWP Command Reader" daemon [_thread_in_native, id=13827, stack(0x0000700006c4c000,0x0000700006d4c000)]
  0x00007fd7c1011000 JavaThread "JDWP Event Helper Thread" daemon [_thread_blocked, id=18179, stack(0x0000700006b49000,0x0000700006c49000)]
  0x00007fd7c0837800 JavaThread "JDWP Transport Listener: dt_socket" daemon [_thread_blocked, id=13319, stack(0x0000700006a46000,0x0000700006b46000)]
  0x00007fd7c0836800 JavaThread "Signal Dispatcher" daemon [_thread_blocked, id=18443, stack(0x0000700006943000,0x0000700006a43000)]
  0x00007fd7c0011800 JavaThread "Finalizer" daemon [_thread_blocked, id=20483, stack(0x0000700006840000,0x0000700006940000)]
  0x00007fd7c000f000 JavaThread "Reference Handler" daemon [_thread_blocked, id=20739, stack(0x000070000673d000,0x000070000683d000)]
  0x00007fd7c0800800 JavaThread "main" [_thread_blocked, id=5891, stack(0x000070000612b000,0x000070000622b000)]

Other Threads:
  0x00007fd7c101c000 VMThread [stack: 0x000070000663a000,0x000070000673a000] [id=11267]
  0x00007fd7c0838000 WatcherThread [stack: 0x000070000715b000,0x000070000725b000] [id=15107]

VM state:not at safepoint (normal execution)

VM Mutex/Monitor currently owned by a thread: None

Heap:
 PSYoungGen      total 36864K, used 5517K [0x0000000795580000, 0x0000000799780000, 0x00000007c0000000)
  eden space 32768K, 4% used [0x0000000795580000,0x00000007956f1fc0,0x0000000797580000)
  from space 4096K, 98% used [0x0000000799180000,0x0000000799571828,0x0000000799580000)
  to   space 2048K, 0% used [0x0000000799580000,0x0000000799580000,0x0000000799780000)
 ParOldGen       total 87552K, used 1540K [0x0000000740000000, 0x0000000745580000, 0x0000000795580000)
  object space 87552K, 1% used [0x0000000740000000,0x0000000740181010,0x0000000745580000)
 Metaspace       used 17870K, capacity 18000K, committed 18304K, reserved 1064960K
  class space    used 2313K, capacity 2373K, committed 2432K, reserved 1048576K

Card table byte_map: [0x000000010f55d000,0x000000010f95e000] byte_map_base: 0x000000010bb5d000

Marking Bits: (ParMarkBitMap*) 0x000000010eaedd20
 Begin Bits: [0x000000010fc09000, 0x0000000111c09000)
 End Bits:   [0x0000000111c09000, 0x0000000113c09000)

Polling page: 0x000000010d86b000

CodeCache: size=245760Kb used=8828Kb max_used=8839Kb free=236931Kb
 bounds [0x0000000119b6c000, 0x000000011a41c000, 0x0000000128b6c000]
 total_blobs=3295 nmethods=2731 adapters=485
 compilation: enabled

Compilation events (10 events):
Event: 5272.321 Thread 0x00007fd7c0839000 2741   !   4       java.awt.EventDispatchThread::pumpOneEventForFilters (295 bytes)
Event: 5272.364 Thread 0x00007fd7bf80f000 2742   !   4       java.awt.EventQueue::postEventPrivate (104 bytes)
Event: 5272.369 Thread 0x00007fd7bf80f000 nmethod 2742 0x000000011a400f10 code [0x000000011a4010e0, 0x000000011a401680]
Event: 5272.405 Thread 0x00007fd7bf80f000 2743       4       java.awt.EventQueue::dispatchEvent (80 bytes)
Event: 5272.409 Thread 0x00007fd7c0839000 nmethod 2741 0x000000011a410dd0 code [0x000000011a411300, 0x000000011a4147e8]
Event: 5272.424 Thread 0x00007fd7bf80f000 nmethod 2743 0x000000011a40b010 code [0x000000011a40b2e0, 0x000000011a40c998]
Event: 5272.793 Thread 0x00007fd7c0839000 2744       4       javax.swing.Timer$1::run (5 bytes)
Event: 5272.807 Thread 0x00007fd7c0839000 nmethod 2744 0x000000011a418750 code [0x000000011a418a00, 0x000000011a419768]
Event: 5813.966 Thread 0x00007fd7bf80c000 2745  s!   3       sun.java2d.opengl.OGLRenderQueue$QueueFlusher::flushNow (40 bytes)
Event: 5813.967 Thread 0x00007fd7bf80c000 nmethod 2745 0x000000011a40a590 code [0x000000011a40a740, 0x000000011a40add8]

GC Heap History (10 events):
Event: 1.586 GC heap before
{Heap before GC invocations=1 (full 0):
 PSYoungGen      total 38400K, used 33280K [0x0000000795580000, 0x0000000798000000, 0x00000007c0000000)
  eden space 33280K, 100% used [0x0000000795580000,0x0000000797600000,0x0000000797600000)
  from space 5120K, 0% used [0x0000000797b00000,0x0000000797b00000,0x0000000798000000)
  to   space 5120K, 0% used [0x0000000797600000,0x0000000797600000,0x0000000797b00000)
 ParOldGen       total 87552K, used 0K [0x0000000740000000, 0x0000000745580000, 0x0000000795580000)
  object space 87552K, 0% used [0x0000000740000000,0x0000000740000000,0x0000000745580000)
 Metaspace       used 14856K, capacity 15088K, committed 15232K, reserved 1062912K
  class space    used 2009K, capacity 2085K, committed 2176K, reserved 1048576K
Event: 1.604 GC heap after
Heap after GC invocations=1 (full 0):
 PSYoungGen      total 38400K, used 5116K [0x0000000795580000, 0x000000079a080000, 0x00000007c0000000)
  eden space 33280K, 0% used [0x0000000795580000,0x0000000795580000,0x0000000797600000)
  from space 5120K, 99% used [0x0000000797600000,0x0000000797aff020,0x0000000797b00000)
  to   space 5120K, 0% used [0x0000000799b80000,0x0000000799b80000,0x000000079a080000)
 ParOldGen       total 87552K, used 1502K [0x0000000740000000, 0x0000000745580000, 0x0000000795580000)
  object space 87552K, 1% used [0x0000000740000000,0x0000000740177978,0x0000000745580000)
 Metaspace       used 14856K, capacity 15088K, committed 15232K, reserved 1062912K
  class space    used 2009K, capacity 2085K, committed 2176K, reserved 1048576K
}
Event: 4.703 GC heap before
{Heap before GC invocations=2 (full 0):
 PSYoungGen      total 38400K, used 38396K [0x0000000795580000, 0x000000079a080000, 0x00000007c0000000)
  eden space 33280K, 100% used [0x0000000795580000,0x0000000797600000,0x0000000797600000)
  from space 5120K, 99% used [0x0000000797600000,0x0000000797aff020,0x0000000797b00000)
  to   space 5120K, 0% used [0x0000000799b80000,0x0000000799b80000,0x000000079a080000)
 ParOldGen       total 87552K, used 1502K [0x0000000740000000, 0x0000000745580000, 0x0000000795580000)
  object space 87552K, 1% used [0x0000000740000000,0x0000000740177978,0x0000000745580000)
 Metaspace       used 17634K, capacity 17808K, committed 18048K, reserved 1064960K
  class space    used 2304K, capacity 2373K, committed 2432K, reserved 1048576K
Event: 4.711 GC heap after
Heap after GC invocations=2 (full 0):
 PSYoungGen      total 38400K, used 4983K [0x0000000795580000, 0x000000079a080000, 0x00000007c0000000)
  eden space 33280K, 0% used [0x0000000795580000,0x0000000795580000,0x0000000797600000)
  from space 5120K, 97% used [0x0000000799b80000,0x000000079a05dd68,0x000000079a080000)
  to   space 5120K, 0% used [0x0000000797600000,0x0000000797600000,0x0000000797b00000)
 ParOldGen       total 87552K, used 1516K [0x0000000740000000, 0x0000000745580000, 0x0000000795580000)
  object space 87552K, 1% used [0x0000000740000000,0x000000074017b010,0x0000000745580000)
 Metaspace       used 17634K, capacity 17808K, committed 18048K, reserved 1064960K
  class space    used 2304K, capacity 2373K, committed 2432K, reserved 1048576K
}
Event: 899.240 GC heap before
{Heap before GC invocations=3 (full 0):
 PSYoungGen      total 38400K, used 38263K [0x0000000795580000, 0x000000079a080000, 0x00000007c0000000)
  eden space 33280K, 100% used [0x0000000795580000,0x0000000797600000,0x0000000797600000)
  from space 5120K, 97% used [0x0000000799b80000,0x000000079a05dd68,0x000000079a080000)
  to   space 5120K, 0% used [0x0000000797600000,0x0000000797600000,0x0000000797b00000)
 ParOldGen       total 87552K, used 1516K [0x0000000740000000, 0x0000000745580000, 0x0000000795580000)
  object space 87552K, 1% used [0x0000000740000000,0x000000074017b010,0x0000000745580000)
 Metaspace       used 17800K, capacity 17936K, committed 18048K, reserved 1064960K
  class space    used 2305K, capacity 2373K, committed 2432K, reserved 1048576K
Event: 899.265 GC heap after
Heap after GC invocations=3 (full 0):
 PSYoungGen      total 38400K, used 4182K [0x0000000795580000, 0x0000000799c00000, 0x00000007c0000000)
  eden space 33280K, 0% used [0x0000000795580000,0x0000000795580000,0x0000000797600000)
  from space 5120K, 81% used [0x0000000797600000,0x0000000797a15b70,0x0000000797b00000)
  to   space 5120K, 0% used [0x0000000799700000,0x0000000799700000,0x0000000799c00000)
 ParOldGen       total 87552K, used 1524K [0x0000000740000000, 0x0000000745580000, 0x0000000795580000)
  object space 87552K, 1% used [0x0000000740000000,0x000000074017d010,0x0000000745580000)
 Metaspace       used 17800K, capacity 17936K, committed 18048K, reserved 1064960K
  class space    used 2305K, capacity 2373K, committed 2432K, reserved 1048576K
}
Event: 3631.545 GC heap before
{Heap before GC invocations=4 (full 0):
 PSYoungGen      total 38400K, used 37462K [0x0000000795580000, 0x0000000799c00000, 0x00000007c0000000)
  eden space 33280K, 100% used [0x0000000795580000,0x0000000797600000,0x0000000797600000)
  from space 5120K, 81% used [0x0000000797600000,0x0000000797a15b70,0x0000000797b00000)
  to   space 5120K, 0% used [0x0000000799700000,0x0000000799700000,0x0000000799c00000)
 ParOldGen       total 87552K, used 1524K [0x0000000740000000, 0x0000000745580000, 0x0000000795580000)
  object space 87552K, 1% used [0x0000000740000000,0x000000074017d010,0x0000000745580000)
 Metaspace       used 17807K, capacity 18000K, committed 18304K, reserved 1064960K
  class space    used 2305K, capacity 2373K, committed 2432K, reserved 1048576K
Event: 3631.567 GC heap after
Heap after GC invocations=4 (full 0):
 PSYoungGen      total 37888K, used 4155K [0x0000000795580000, 0x0000000799b80000, 0x00000007c0000000)
  eden space 33280K, 0% used [0x0000000795580000,0x0000000795580000,0x0000000797600000)
  from space 4608K, 90% used [0x0000000799700000,0x0000000799b0edc8,0x0000000799b80000)
  to   space 5120K, 0% used [0x0000000799180000,0x0000000799180000,0x0000000799680000)
 ParOldGen       total 87552K, used 1532K [0x0000000740000000, 0x0000000745580000, 0x0000000795580000)
  object space 87552K, 1% used [0x0000000740000000,0x000000074017f010,0x0000000745580000)
 Metaspace       used 17807K, capacity 18000K, committed 18304K, reserved 1064960K
  class space    used 2305K, capacity 2373K, committed 2432K, reserved 1048576K
}
Event: 5813.928 GC heap before
{Heap before GC invocations=5 (full 0):
 PSYoungGen      total 37888K, used 37435K [0x0000000795580000, 0x0000000799b80000, 0x00000007c0000000)
  eden space 33280K, 100% used [0x0000000795580000,0x0000000797600000,0x0000000797600000)
  from space 4608K, 90% used [0x0000000799700000,0x0000000799b0edc8,0x0000000799b80000)
  to   space 5120K, 0% used [0x0000000799180000,0x0000000799180000,0x0000000799680000)
 ParOldGen       total 87552K, used 1532K [0x0000000740000000, 0x0000000745580000, 0x0000000795580000)
  object space 87552K, 1% used [0x0000000740000000,0x000000074017f010,0x0000000745580000)
 Metaspace       used 17867K, capacity 18000K, committed 18304K, reserved 1064960K
  class space    used 2312K, capacity 2373K, committed 2432K, reserved 1048576K
Event: 5813.951 GC heap after
Heap after GC invocations=5 (full 0):
 PSYoungGen      total 36864K, used 4038K [0x0000000795580000, 0x0000000799780000, 0x00000007c0000000)
  eden space 32768K, 0% used [0x0000000795580000,0x0000000795580000,0x0000000797580000)
  from space 4096K, 98% used [0x0000000799180000,0x0000000799571828,0x0000000799580000)
  to   space 2048K, 0% used [0x0000000799580000,0x0000000799580000,0x0000000799780000)
 ParOldGen       total 87552K, used 1540K [0x0000000740000000, 0x0000000745580000, 0x0000000795580000)
  object space 87552K, 1% used [0x0000000740000000,0x0000000740181010,0x0000000745580000)
 Metaspace       used 17867K, capacity 18000K, committed 18304K, reserved 1064960K
  class space    used 2312K, capacity 2373K, committed 2432K, reserved 1048576K
}

Deoptimization events (10 events):
Event: 5052.300 Thread 0x00007fd7c1200800 Uncommon trap: reason=bimorphic action=maybe_recompile pc=0x000000011a23ee0c method=sun.java2d.SunGraphics2D.validateColor()V @ 95
Event: 5052.300 Thread 0x00007fd7c1200800 Uncommon trap: reason=unstable_if action=reinterpret pc=0x000000011a317768 method=sun.java2d.SunGraphics2D.validatePipe()V @ 7
Event: 5052.509 Thread 0x00007fd7c1200800 Uncommon trap: reason=unstable_if action=reinterpret pc=0x000000011a38313c method=java.awt.EventQueue.getNextEventPrivate()Ljava/awt/AWTEvent; @ 45
Event: 5052.509 Thread 0x00007fd7c1200800 Uncommon trap: reason=class_check action=maybe_recompile pc=0x000000011a396fc0 method=java.awt.event.InvocationEvent.dispatch()V @ 47
Event: 5052.697 Thread 0x00007fd7c1200800 Uncommon trap: reason=class_check action=maybe_recompile pc=0x000000011a396fc0 method=java.awt.event.InvocationEvent.dispatch()V @ 47
Event: 5052.705 Thread 0x00007fd7c1200800 Uncommon trap: reason=class_check action=maybe_recompile pc=0x000000011a39ecc8 method=java.awt.EventQueue.dispatchEventImpl(Ljava/awt/AWTEvent;Ljava/lang/Object;)V @ 6
Event: 5052.705 Thread 0x00007fd7c1200800 Uncommon trap: reason=class_check action=maybe_recompile pc=0x000000011a390478 method=java.awt.EventQueue.setCurrentEventAndMostRecentTimeImpl(Ljava/awt/AWTEvent;)V @ 128
Event: 5052.750 Thread 0x00007fd7c1200800 Uncommon trap: reason=class_check action=maybe_recompile pc=0x000000011a39ecc8 method=java.awt.EventQueue.dispatchEventImpl(Ljava/awt/AWTEvent;Ljava/lang/Object;)V @ 6
Event: 5052.750 Thread 0x00007fd7c1200800 Uncommon trap: reason=class_check action=maybe_recompile pc=0x000000011a390478 method=java.awt.EventQueue.setCurrentEventAndMostRecentTimeImpl(Ljava/awt/AWTEvent;)V @ 128
Event: 5813.953 Thread 0x00007fd7bf8fd000 Uncommon trap: reason=unstable_if action=reinterpret pc=0x000000011a242d30 method=java.util.concurrent.ConcurrentHashMap.get(Ljava/lang/Object;)Ljava/lang/Object; @ 138

Internal exceptions (10 events):
Event: 0.617 Thread 0x00007fd7c0800800 Exception <a 'java/lang/NullPointerException'> (0x0000000795b16248) thrown at [/HUDSON3/workspace/8-2-build-macosx-x86_64/jdk8u101/7261/hotspot/src/share/vm/interpreter/linkResolver.cpp, line 1178]
Event: 0.617 Thread 0x00007fd7c0800800 Exception <a 'java/lang/NullPointerException'> (0x0000000795b19e28) thrown at [/HUDSON3/workspace/8-2-build-macosx-x86_64/jdk8u101/7261/hotspot/src/share/vm/interpreter/linkResolver.cpp, line 1178]
Event: 0.617 Thread 0x00007fd7c0800800 Exception <a 'java/lang/NullPointerException'> (0x0000000795b1d920) thrown at [/HUDSON3/workspace/8-2-build-macosx-x86_64/jdk8u101/7261/hotspot/src/share/vm/interpreter/linkResolver.cpp, line 1178]
Event: 0.625 Thread 0x00007fd7c0800800 Exception <a 'java/lang/NullPointerException'> (0x0000000795b418a0) thrown at [/HUDSON3/workspace/8-2-build-macosx-x86_64/jdk8u101/7261/hotspot/src/share/vm/interpreter/linkResolver.cpp, line 1178]
Event: 1.281 Thread 0x00007fd7c0800800 Implicit null exception at 0x0000000119d4bdf4 to 0x0000000119d4c2b9
Event: 1.282 Thread 0x00007fd7c0800800 Implicit null exception at 0x0000000119d482b4 to 0x0000000119d4875d
Event: 1.286 Thread 0x00007fd7c0800800 Implicit null exception at 0x0000000119e59334 to 0x0000000119e59775
Event: 1.607 Thread 0x00007fd7c0011800 Exception <a 'java/lang/NullPointerException'> (0x00000007955d3388) thrown at [/HUDSON3/workspace/8-2-build-macosx-x86_64/jdk8u101/7261/hotspot/src/share/vm/interpreter/linkResolver.cpp, line 1178]
Event: 5051.886 Thread 0x00007fd7c1200800 Implicit null exception at 0x0000000119c82ec1 to 0x0000000119c831f9
Event: 5051.888 Thread 0x00007fd7c083a000 Implicit null exception at 0x000000011a1b602c to 0x000000011a1b6211

Events (10 events):
Event: 5052.750 Thread 0x00007fd7c1200800 Uncommon trap: trap_request=0xffffffde fr.pc=0x000000011a390478
Event: 5052.750 Thread 0x00007fd7c1200800 DEOPT PACKING pc=0x000000011a390478 sp=0x00007000078709b0
Event: 5052.750 Thread 0x00007fd7c1200800 DEOPT UNPACKING pc=0x0000000119b71229 sp=0x0000700007870998 mode 2
Event: 5813.927 Executing VM operation: ParallelGCFailedAllocation
Event: 5813.951 Executing VM operation: ParallelGCFailedAllocation done
Event: 5813.953 Thread 0x00007fd7bf8fd000 Uncommon trap: trap_request=0xffffff65 fr.pc=0x000000011a242d30
Event: 5813.953 Thread 0x00007fd7bf8fd000 DEOPT PACKING pc=0x000000011a242d30 sp=0x000070000766c670
Event: 5813.953 Thread 0x00007fd7bf8fd000 DEOPT UNPACKING pc=0x0000000119b71229 sp=0x000070000766c628 mode 2
Event: 5813.954 loading class sun/font/StrikeCache$2
Event: 5813.955 loading class sun/font/StrikeCache$2 done


Dynamic libraries:
0x000000000e374000 	/System/Library/Frameworks/Cocoa.framework/Versions/A/Cocoa
0x000000000e374000 	/System/Library/Frameworks/Security.framework/Versions/A/Security
0x000000000e374000 	/System/Library/Frameworks/ApplicationServices.framework/Versions/A/ApplicationServices
0x000000000e374000 	/usr/lib/libz.1.dylib
0x000000000e374000 	/usr/lib/libSystem.B.dylib
0x000000000e374000 	/usr/lib/libobjc.A.dylib
0x000000000e374000 	/System/Library/Frameworks/CoreFoundation.framework/Versions/A/CoreFoundation
0x000000000e374000 	/System/Library/Frameworks/Foundation.framework/Versions/C/Foundation
0x000000000e374000 	/System/Library/Frameworks/AppKit.framework/Versions/C/AppKit
0x000000000e374000 	/System/Library/Frameworks/CoreData.framework/Versions/A/CoreData
0x000000000e374000 	/System/Library/PrivateFrameworks/RemoteViewServices.framework/Versions/A/RemoteViewServices
0x000000000e374000 	/System/Library/PrivateFrameworks/UIFoundation.framework/Versions/A/UIFoundation
0x000000000e374000 	/System/Library/PrivateFrameworks/DFRFoundation.framework/Versions/A/DFRFoundation
0x000000000e374000 	/System/Library/Frameworks/Metal.framework/Versions/A/Metal
0x000000000e374000 	/System/Library/PrivateFrameworks/DesktopServicesPriv.framework/Versions/A/DesktopServicesPriv
0x000000000e374000 	/usr/lib/libenergytrace.dylib
0x000000000e374000 	/System/Library/PrivateFrameworks/SkyLight.framework/Versions/A/SkyLight
0x000000000e374000 	/System/Library/Frameworks/CoreGraphics.framework/Versions/A/CoreGraphics
0x000000000e374000 	/usr/lib/libScreenReader.dylib
0x000000000e374000 	/System/Library/Frameworks/Accelerate.framework/Versions/A/Accelerate
0x000000000e374000 	/System/Library/Frameworks/IOSurface.framework/Versions/A/IOSurface
0x000000000e374000 	/System/Library/Frameworks/AudioToolbox.framework/Versions/A/AudioToolbox
0x000000000e374000 	/System/Library/Frameworks/AudioUnit.framework/Versions/A/AudioUnit
0x000000000e374000 	/System/Library/PrivateFrameworks/DataDetectorsCore.framework/Versions/A/DataDetectorsCore
0x000000000e374000 	/System/Library/Frameworks/Carbon.framework/Versions/A/Frameworks/HIToolbox.framework/Versions/A/HIToolbox
0x000000000e374000 	/usr/lib/libicucore.A.dylib
0x000000000e374000 	/System/Library/Frameworks/QuartzCore.framework/Versions/A/QuartzCore
0x000000000e374000 	/System/Library/PrivateFrameworks/SignpostNotification.framework/Versions/A/SignpostNotification
0x000000000e374000 	/System/Library/Frameworks/Carbon.framework/Versions/A/Frameworks/SpeechRecognition.framework/Versions/A/SpeechRecognition
0x000000000e374000 	/usr/lib/libauto.dylib
0x000000000e374000 	/usr/lib/libxml2.2.dylib
0x000000000e374000 	/System/Library/PrivateFrameworks/CoreUI.framework/Versions/A/CoreUI
0x000000000e374000 	/System/Library/Frameworks/CoreAudio.framework/Versions/A/CoreAudio
0x000000000e374000 	/System/Library/Frameworks/DiskArbitration.framework/Versions/A/DiskArbitration
0x000000000e374000 	/usr/lib/liblangid.dylib
0x000000000e374000 	/System/Library/PrivateFrameworks/MultitouchSupport.framework/Versions/A/MultitouchSupport
0x000000000e374000 	/System/Library/Frameworks/IOKit.framework/Versions/A/IOKit
0x000000000e374000 	/usr/lib/libDiagnosticMessagesClient.dylib
0x000000000e374000 	/System/Library/Frameworks/CoreServices.framework/Versions/A/CoreServices
0x000000000e374000 	/System/Library/PrivateFrameworks/PerformanceAnalysis.framework/Versions/A/PerformanceAnalysis
0x000000000e374000 	/System/Library/Frameworks/OpenGL.framework/Versions/A/OpenGL
0x000000000e374000 	/System/Library/Frameworks/ColorSync.framework/Versions/A/ColorSync
0x000000000e374000 	/System/Library/Frameworks/CoreImage.framework/Versions/A/CoreImage
0x000000000e374000 	/System/Library/Frameworks/CoreText.framework/Versions/A/CoreText
0x000000000e374000 	/System/Library/Frameworks/ImageIO.framework/Versions/A/ImageIO
0x000000000e374000 	/System/Library/PrivateFrameworks/Backup.framework/Versions/A/Backup
0x000000000e374000 	/usr/lib/libarchive.2.dylib
0x000000000e374000 	/System/Library/Frameworks/CFNetwork.framework/Versions/A/CFNetwork
0x000000000e374000 	/System/Library/Frameworks/SystemConfiguration.framework/Versions/A/SystemConfiguration
0x000000000e374000 	/usr/lib/libCRFSuite.dylib
0x000000000e374000 	/usr/lib/libc++.1.dylib
0x000000000e374000 	/usr/lib/libc++abi.dylib
0x000000000e374000 	/usr/lib/system/libcache.dylib
0x000000000e374000 	/usr/lib/system/libcommonCrypto.dylib
0x000000000e374000 	/usr/lib/system/libcompiler_rt.dylib
0x000000000e374000 	/usr/lib/system/libcopyfile.dylib
0x000000000e374000 	/usr/lib/system/libcorecrypto.dylib
0x000000000e374000 	/usr/lib/system/libdispatch.dylib
0x000000000e374000 	/usr/lib/system/libdyld.dylib
0x000000000e374000 	/usr/lib/system/libkeymgr.dylib
0x000000000e374000 	/usr/lib/system/liblaunch.dylib
0x000000000e374000 	/usr/lib/system/libmacho.dylib
0x000000000e374000 	/usr/lib/system/libquarantine.dylib
0x000000000e374000 	/usr/lib/system/libremovefile.dylib
0x000000000e374000 	/usr/lib/system/libsystem_asl.dylib
0x000000000e374000 	/usr/lib/system/libsystem_blocks.dylib
0x000000000e374000 	/usr/lib/system/libsystem_c.dylib
0x000000000e374000 	/usr/lib/system/libsystem_configuration.dylib
0x000000000e374000 	/usr/lib/system/libsystem_coreservices.dylib
0x000000000e374000 	/usr/lib/system/libsystem_darwin.dylib
0x000000000e374000 	/usr/lib/system/libsystem_dnssd.dylib
0x000000000e374000 	/usr/lib/system/libsystem_info.dylib
0x000000000e374000 	/usr/lib/system/libsystem_m.dylib
0x000000000e374000 	/usr/lib/system/libsystem_malloc.dylib
0x000000000e374000 	/usr/lib/system/libsystem_network.dylib
0x000000000e374000 	/usr/lib/system/libsystem_networkextension.dylib
0x000000000e374000 	/usr/lib/system/libsystem_notify.dylib
0x000000000e374000 	/usr/lib/system/libsystem_sandbox.dylib
0x000000000e374000 	/usr/lib/system/libsystem_secinit.dylib
0x000000000e374000 	/usr/lib/system/libsystem_kernel.dylib
0x000000000e374000 	/usr/lib/system/libsystem_platform.dylib
0x000000000e374000 	/usr/lib/system/libsystem_pthread.dylib
0x000000000e374000 	/usr/lib/system/libsystem_symptoms.dylib
0x000000000e374000 	/usr/lib/system/libsystem_trace.dylib
0x000000000e374000 	/usr/lib/system/libunwind.dylib
0x000000000e374000 	/usr/lib/system/libxpc.dylib
0x000000000e374000 	/usr/lib/closure/libclosured.dylib
0x000000000e374000 	/usr/lib/libbsm.0.dylib
0x000000000e374000 	/usr/lib/system/libkxld.dylib
0x000000000e374000 	/usr/lib/libOpenScriptingUtil.dylib
0x000000000e374000 	/usr/lib/libcoretls.dylib
0x000000000e374000 	/usr/lib/libcoretls_cfhelpers.dylib
0x000000000e374000 	/usr/lib/libpam.2.dylib
0x000000000e374000 	/usr/lib/libsqlite3.dylib
0x000000000e374000 	/usr/lib/libxar.1.dylib
0x000000000e374000 	/usr/lib/libbz2.1.0.dylib
0x000000000e374000 	/usr/lib/liblzma.5.dylib
0x000000000e374000 	/usr/lib/libnetwork.dylib
0x000000000e374000 	/usr/lib/libapple_nghttp2.dylib
0x000000000e374000 	/usr/lib/libpcap.A.dylib
0x000000000e374000 	/usr/lib/libboringssl.dylib
0x000000000e374000 	/usr/lib/libusrtcp.dylib
0x000000000e374000 	/usr/lib/libapple_crypto.dylib
0x000000000e374000 	/System/Library/Frameworks/CoreServices.framework/Versions/A/Frameworks/FSEvents.framework/Versions/A/FSEvents
0x000000000e374000 	/System/Library/Frameworks/CoreServices.framework/Versions/A/Frameworks/CarbonCore.framework/Versions/A/CarbonCore
0x000000000e374000 	/System/Library/Frameworks/CoreServices.framework/Versions/A/Frameworks/Metadata.framework/Versions/A/Metadata
0x000000000e374000 	/System/Library/Frameworks/CoreServices.framework/Versions/A/Frameworks/OSServices.framework/Versions/A/OSServices
0x000000000e374000 	/System/Library/Frameworks/CoreServices.framework/Versions/A/Frameworks/SearchKit.framework/Versions/A/SearchKit
0x000000000e374000 	/System/Library/Frameworks/CoreServices.framework/Versions/A/Frameworks/AE.framework/Versions/A/AE
0x000000000e374000 	/System/Library/Frameworks/CoreServices.framework/Versions/A/Frameworks/LaunchServices.framework/Versions/A/LaunchServices
0x000000000e374000 	/System/Library/Frameworks/CoreServices.framework/Versions/A/Frameworks/DictionaryServices.framework/Versions/A/DictionaryServices
0x000000000e374000 	/System/Library/Frameworks/CoreServices.framework/Versions/A/Frameworks/SharedFileList.framework/Versions/A/SharedFileList
0x000000000e374000 	/System/Library/Frameworks/NetFS.framework/Versions/A/NetFS
0x000000000e374000 	/System/Library/PrivateFrameworks/NetAuth.framework/Versions/A/NetAuth
0x000000000e374000 	/System/Library/PrivateFrameworks/login.framework/Versions/A/Frameworks/loginsupport.framework/Versions/A/loginsupport
0x000000000e374000 	/System/Library/PrivateFrameworks/TCC.framework/Versions/A/TCC
0x000000000e374000 	/usr/lib/libmecabra.dylib
0x000000000e374000 	/System/Library/Frameworks/ApplicationServices.framework/Versions/A/Frameworks/ATS.framework/Versions/A/ATS
0x000000000e374000 	/System/Library/Frameworks/ApplicationServices.framework/Versions/A/Frameworks/ColorSyncLegacy.framework/Versions/A/ColorSyncLegacy
0x000000000e374000 	/System/Library/Frameworks/ApplicationServices.framework/Versions/A/Frameworks/HIServices.framework/Versions/A/HIServices
0x000000000e374000 	/System/Library/Frameworks/ApplicationServices.framework/Versions/A/Frameworks/LangAnalysis.framework/Versions/A/LangAnalysis
0x000000000e374000 	/System/Library/Frameworks/ApplicationServices.framework/Versions/A/Frameworks/PrintCore.framework/Versions/A/PrintCore
0x000000000e374000 	/System/Library/Frameworks/ApplicationServices.framework/Versions/A/Frameworks/QD.framework/Versions/A/QD
0x000000000e374000 	/System/Library/Frameworks/ApplicationServices.framework/Versions/A/Frameworks/SpeechSynthesis.framework/Versions/A/SpeechSynthesis
0x000000000e374000 	/System/Library/Frameworks/CoreDisplay.framework/Versions/A/CoreDisplay
0x000000000e374000 	/System/Library/Frameworks/Accelerate.framework/Versions/A/Frameworks/vImage.framework/Versions/A/vImage
0x000000000e374000 	/System/Library/Frameworks/Accelerate.framework/Versions/A/Frameworks/vecLib.framework/Versions/A/vecLib
0x000000000e374000 	/System/Library/Frameworks/Accelerate.framework/Versions/A/Frameworks/vecLib.framework/Versions/A/libvDSP.dylib
0x000000000e374000 	/System/Library/Frameworks/Accelerate.framework/Versions/A/Frameworks/vecLib.framework/Versions/A/libBNNS.dylib
0x000000000e374000 	/System/Library/Frameworks/Accelerate.framework/Versions/A/Frameworks/vecLib.framework/Versions/A/libQuadrature.dylib
0x000000000e374000 	/System/Library/Frameworks/Accelerate.framework/Versions/A/Frameworks/vecLib.framework/Versions/A/libvMisc.dylib
0x000000000e374000 	/System/Library/Frameworks/Accelerate.framework/Versions/A/Frameworks/vecLib.framework/Versions/A/libLAPACK.dylib
0x000000000e374000 	/System/Library/Frameworks/Accelerate.framework/Versions/A/Frameworks/vecLib.framework/Versions/A/libBLAS.dylib
0x000000000e374000 	/System/Library/Frameworks/Accelerate.framework/Versions/A/Frameworks/vecLib.framework/Versions/A/libLinearAlgebra.dylib
0x000000000e374000 	/System/Library/Frameworks/Accelerate.framework/Versions/A/Frameworks/vecLib.framework/Versions/A/libSparse.dylib
0x000000000e374000 	/System/Library/Frameworks/Accelerate.framework/Versions/A/Frameworks/vecLib.framework/Versions/A/libSparseBLAS.dylib
0x000000000e374000 	/System/Library/PrivateFrameworks/GPUWrangler.framework/Versions/A/GPUWrangler
0x000000000e374000 	/System/Library/PrivateFrameworks/IOAccelerator.framework/Versions/A/IOAccelerator
0x000000000e374000 	/System/Library/PrivateFrameworks/IOPresentment.framework/Versions/A/IOPresentment
0x000000000e374000 	/System/Library/PrivateFrameworks/DSExternalDisplay.framework/Versions/A/DSExternalDisplay
0x000000000e374000 	/System/Library/Frameworks/OpenGL.framework/Versions/A/Libraries/libCoreFSCache.dylib
0x000000000e374000 	/System/Library/Frameworks/CoreVideo.framework/Versions/A/CoreVideo
0x000000000e374000 	/System/Library/PrivateFrameworks/GraphVisualizer.framework/Versions/A/GraphVisualizer
0x000000000e374000 	/System/Library/Frameworks/MetalPerformanceShaders.framework/Versions/A/MetalPerformanceShaders
0x000000000e374000 	/usr/lib/libFosl_dynamic.dylib
0x000000000e374000 	/System/Library/PrivateFrameworks/FaceCore.framework/Versions/A/FaceCore
0x000000000e374000 	/System/Library/Frameworks/OpenCL.framework/Versions/A/OpenCL
0x000000000e374000 	/usr/lib/libcompression.dylib
0x000000000e374000 	/System/Library/Frameworks/ApplicationServices.framework/Versions/A/Frameworks/ATS.framework/Versions/A/Resources/libFontParser.dylib
0x000000000e374000 	/System/Library/Frameworks/ApplicationServices.framework/Versions/A/Frameworks/ATS.framework/Versions/A/Resources/libFontRegistry.dylib
0x000000000e374000 	/System/Library/Frameworks/ImageIO.framework/Versions/A/Resources/libJPEG.dylib
0x000000000e374000 	/System/Library/Frameworks/ImageIO.framework/Versions/A/Resources/libTIFF.dylib
0x000000000e374000 	/System/Library/Frameworks/ImageIO.framework/Versions/A/Resources/libPng.dylib
0x000000000e374000 	/System/Library/Frameworks/ImageIO.framework/Versions/A/Resources/libGIF.dylib
0x000000000e374000 	/System/Library/Frameworks/ImageIO.framework/Versions/A/Resources/libJP2.dylib
0x000000000e374000 	/System/Library/Frameworks/ImageIO.framework/Versions/A/Resources/libRadiance.dylib
0x000000000e374000 	/System/Library/PrivateFrameworks/AppleJPEG.framework/Versions/A/AppleJPEG
0x000000000e374000 	/System/Library/Frameworks/MetalPerformanceShaders.framework/Frameworks/MPSCore.framework/Versions/A/MPSCore
0x000000000e374000 	/System/Library/Frameworks/MetalPerformanceShaders.framework/Frameworks/MPSImage.framework/Versions/A/MPSImage
0x000000000e374000 	/System/Library/Frameworks/MetalPerformanceShaders.framework/Frameworks/MPSNeuralNetwork.framework/Versions/A/MPSNeuralNetwork
0x000000000e374000 	/System/Library/Frameworks/MetalPerformanceShaders.framework/Frameworks/MPSMatrix.framework/Versions/A/MPSMatrix
0x000000000e374000 	/System/Library/PrivateFrameworks/MetalTools.framework/Versions/A/MetalTools
0x000000000e374000 	/System/Library/Frameworks/OpenGL.framework/Versions/A/Libraries/libGLU.dylib
0x000000000e374000 	/System/Library/Frameworks/OpenGL.framework/Versions/A/Libraries/libGFXShared.dylib
0x000000000e374000 	/System/Library/Frameworks/OpenGL.framework/Versions/A/Libraries/libGL.dylib
0x000000000e374000 	/System/Library/Frameworks/OpenGL.framework/Versions/A/Libraries/libGLImage.dylib
0x000000000e374000 	/System/Library/Frameworks/OpenGL.framework/Versions/A/Libraries/libCVMSPluginSupport.dylib
0x000000000e374000 	/System/Library/Frameworks/OpenGL.framework/Versions/A/Libraries/libCoreVMClient.dylib
0x000000000e374000 	/usr/lib/libcups.2.dylib
0x000000000e374000 	/System/Library/Frameworks/Kerberos.framework/Versions/A/Kerberos
0x000000000e374000 	/System/Library/Frameworks/GSS.framework/Versions/A/GSS
0x000000000e374000 	/usr/lib/libresolv.9.dylib
0x000000000e374000 	/usr/lib/libiconv.2.dylib
0x000000000e374000 	/System/Library/PrivateFrameworks/Heimdal.framework/Versions/A/Heimdal
0x000000000e374000 	/usr/lib/libheimdal-asn1.dylib
0x000000000e374000 	/System/Library/Frameworks/OpenDirectory.framework/Versions/A/OpenDirectory
0x000000000e374000 	/System/Library/PrivateFrameworks/CommonAuth.framework/Versions/A/CommonAuth
0x000000000e374000 	/System/Library/Frameworks/OpenDirectory.framework/Versions/A/Frameworks/CFOpenDirectory.framework/Versions/A/CFOpenDirectory
0x000000000e374000 	/System/Library/Frameworks/SecurityFoundation.framework/Versions/A/SecurityFoundation
0x000000000e374000 	/System/Library/PrivateFrameworks/APFS.framework/Versions/A/APFS
0x000000000e374000 	/usr/lib/libutil.dylib
0x000000000e374000 	/System/Library/PrivateFrameworks/AppleSauce.framework/Versions/A/AppleSauce
0x000000000e374000 	/System/Library/PrivateFrameworks/LinguisticData.framework/Versions/A/LinguisticData
0x000000000e374000 	/usr/lib/libmarisa.dylib
0x000000000e374000 	/System/Library/PrivateFrameworks/Lexicon.framework/Versions/A/Lexicon
0x000000000e374000 	/usr/lib/libChineseTokenizer.dylib
0x000000000e374000 	/usr/lib/libcmph.dylib
0x000000000e374000 	/System/Library/PrivateFrameworks/LanguageModeling.framework/Versions/A/LanguageModeling
0x000000000e374000 	/System/Library/PrivateFrameworks/CoreEmoji.framework/Versions/A/CoreEmoji
0x000000000e374000 	/System/Library/Frameworks/ServiceManagement.framework/Versions/A/ServiceManagement
0x000000000e374000 	/System/Library/PrivateFrameworks/BackgroundTaskManagement.framework/Versions/A/BackgroundTaskManagement
0x000000000e374000 	/usr/lib/libxslt.1.dylib
0x000000000e374000 	/System/Library/Frameworks/Carbon.framework/Versions/A/Frameworks/Ink.framework/Versions/A/Ink
0x000000000e374000 	/System/Library/PrivateFrameworks/TextureIO.framework/Versions/A/TextureIO
0x000000000e374000 	/usr/lib/libate.dylib
0x000000000e374000 	/System/Library/PrivateFrameworks/CrashReporterSupport.framework/Versions/A/CrashReporterSupport
0x000000000e374000 	/System/Library/PrivateFrameworks/Sharing.framework/Versions/A/Sharing
0x000000000e374000 	/System/Library/PrivateFrameworks/IconServices.framework/Versions/A/IconServices
0x000000000e374000 	/System/Library/PrivateFrameworks/Apple80211.framework/Versions/A/Apple80211
0x000000000e374000 	/System/Library/PrivateFrameworks/CoreUtils.framework/Versions/A/CoreUtils
0x000000000e374000 	/System/Library/Frameworks/CoreWLAN.framework/Versions/A/CoreWLAN
0x000000000e374000 	/System/Library/Frameworks/IOBluetooth.framework/Versions/A/IOBluetooth
0x000000000e374000 	/System/Library/PrivateFrameworks/ProtocolBuffer.framework/Versions/A/ProtocolBuffer
0x000000000e374000 	/System/Library/PrivateFrameworks/CoreWiFi.framework/Versions/A/CoreWiFi
0x000000000e374000 	/System/Library/Frameworks/CoreBluetooth.framework/Versions/A/CoreBluetooth
0x000000000e374000 	/System/Library/PrivateFrameworks/DebugSymbols.framework/Versions/A/DebugSymbols
0x000000000e374000 	/System/Library/PrivateFrameworks/CoreSymbolication.framework/Versions/A/CoreSymbolication
0x000000000e374000 	/System/Library/PrivateFrameworks/Symbolication.framework/Versions/A/Symbolication
0x000000000e374000 	/System/Library/PrivateFrameworks/AppleFSCompression.framework/Versions/A/AppleFSCompression
0x000000000e374000 	/System/Library/PrivateFrameworks/SpeechRecognitionCore.framework/Versions/A/SpeechRecognitionCore
0x000000010e200000 	/Library/Java/JavaVirtualMachines/jdk1.8.0_101.jdk/Contents/Home/jre/lib/server/libjvm.dylib
0x000000000e374000 	/usr/lib/libstdc++.6.0.9.dylib
0x000000010d828000 	/Library/Java/JavaVirtualMachines/jdk1.8.0_101.jdk/Contents/Home/jre/lib/libverify.dylib
0x000000010d836000 	/Library/Java/JavaVirtualMachines/jdk1.8.0_101.jdk/Contents/Home/jre/lib/libjava.dylib
0x000000010d86c000 	/Library/Java/JavaVirtualMachines/jdk1.8.0_101.jdk/Contents/Home/jre/lib/libjdwp.dylib
0x000000010d8b7000 	/Library/Java/JavaVirtualMachines/jdk1.8.0_101.jdk/Contents/Home/jre/lib/libnpt.dylib
0x000000010d904000 	/Library/Java/JavaVirtualMachines/jdk1.8.0_101.jdk/Contents/Home/jre/lib/libzip.dylib
0x000000000e374000 	/System/Library/Frameworks/JavaVM.framework/Versions/A/Frameworks/JavaRuntimeSupport.framework/Versions/A/JavaRuntimeSupport
0x000000000e374000 	/System/Library/Frameworks/JavaVM.framework/Versions/A/Frameworks/JavaNativeFoundation.framework/Versions/A/JavaNativeFoundation
0x000000000e374000 	/System/Library/Frameworks/JavaVM.framework/Versions/A/JavaVM
0x000000000e374000 	/System/Library/Frameworks/Carbon.framework/Versions/A/Carbon
0x000000000e374000 	/System/Library/PrivateFrameworks/JavaLaunching.framework/Versions/A/JavaLaunching
0x000000000e374000 	/System/Library/Frameworks/Carbon.framework/Versions/A/Frameworks/CommonPanels.framework/Versions/A/CommonPanels
0x000000000e374000 	/System/Library/Frameworks/Carbon.framework/Versions/A/Frameworks/Help.framework/Versions/A/Help
0x000000000e374000 	/System/Library/Frameworks/Carbon.framework/Versions/A/Frameworks/ImageCapture.framework/Versions/A/ImageCapture
0x000000000e374000 	/System/Library/Frameworks/Carbon.framework/Versions/A/Frameworks/OpenScripting.framework/Versions/A/OpenScripting
0x000000000e374000 	/System/Library/Frameworks/Carbon.framework/Versions/A/Frameworks/Print.framework/Versions/A/Print
0x000000000e374000 	/System/Library/Frameworks/Carbon.framework/Versions/A/Frameworks/SecurityHI.framework/Versions/A/SecurityHI
0x00000001173db000 	/Library/Java/JavaVirtualMachines/jdk1.8.0_101.jdk/Contents/Home/jre/lib/libdt_socket.dylib
0x00000001173e8000 	/Library/Java/JavaVirtualMachines/jdk1.8.0_101.jdk/Contents/Home/jre/lib/libawt.dylib
0x0000000117490000 	/Library/Java/JavaVirtualMachines/jdk1.8.0_101.jdk/Contents/Home/jre/lib/./libmlib_image.dylib
0x000000011755c000 	/Library/Java/JavaVirtualMachines/jdk1.8.0_101.jdk/Contents/Home/jre/lib/libawt_lwawt.dylib
0x0000000117611000 	/Library/Java/JavaVirtualMachines/jdk1.8.0_101.jdk/Contents/Home/jre/lib/./libosxapp.dylib
0x000000000e374000 	/System/Library/Frameworks/ExceptionHandling.framework/Versions/A/ExceptionHandling
0x000000000e374000 	/System/Library/PrivateFrameworks/CoreServicesInternal.framework/Versions/A/CoreServicesInternal
0x000000000e374000 	/System/Library/CoreServices/RawCamera.bundle/Contents/MacOS/RawCamera
0x000000000e374000 	/System/Library/PrivateFrameworks/MobileAsset.framework/Versions/A/MobileAsset
0x000000000e374000 	/System/Library/PrivateFrameworks/StreamingZip.framework/Versions/A/StreamingZip
0x000000000e374000 	/System/Library/Frameworks/MediaToolbox.framework/Versions/A/MediaToolbox
0x000000000e374000 	/System/Library/PrivateFrameworks/CoreAVCHD.framework/Versions/A/CoreAVCHD
0x000000000e374000 	/System/Library/Frameworks/MediaAccessibility.framework/Versions/A/MediaAccessibility
0x000000000e374000 	/System/Library/PrivateFrameworks/Mangrove.framework/Versions/A/Mangrove
0x000000000e374000 	/System/Library/Frameworks/CoreMedia.framework/Versions/A/CoreMedia
0x000000000e374000 	/System/Library/Frameworks/VideoToolbox.framework/Versions/A/VideoToolbox
0x000000000e374000 	/System/Library/PrivateFrameworks/CoreAUC.framework/Versions/A/CoreAUC
0x000000000e374000 	/usr/lib/libspindump.dylib
0x000000000e374000 	/System/Library/PrivateFrameworks/AppleVA.framework/Versions/A/AppleVA
0x000000000e374000 	/System/Library/Frameworks/Accelerate.framework/Versions/A/Frameworks/vImage.framework/Versions/A/Libraries/libCGInterfaces.dylib
0x000000000e374000 	/System/Library/Frameworks/ApplicationServices.framework/Versions/A/Frameworks/ATS.framework/Versions/A/Resources/libTrueTypeScaler.dylib
0x000000000e374000 	/System/Library/Extensions/AppleIntelBDWGraphicsMTLDriver.bundle/Contents/MacOS/AppleIntelBDWGraphicsMTLDriver
0x000000000e374000 	/System/Library/PrivateFrameworks/GPUCompiler.framework/Versions/3802/Libraries/libmetal_timestamp.dylib
0x000000000e374000 	/System/Library/PrivateFrameworks/FamilyControls.framework/Versions/A/FamilyControls
0x000000000e374000 	/System/Library/PrivateFrameworks/CommerceKit.framework/Versions/A/Frameworks/CommerceCore.framework/Versions/A/CommerceCore
0x000000000e374000 	/System/Library/PrivateFrameworks/SystemAdministration.framework/Versions/A/SystemAdministration
0x000000000e374000 	/System/Library/PrivateFrameworks/AppContainer.framework/Versions/A/AppContainer
0x000000000e374000 	/System/Library/PrivateFrameworks/SecCodeWrapper.framework/Versions/A/SecCodeWrapper
0x000000000e374000 	/System/Library/PrivateFrameworks/DiskManagement.framework/Versions/A/DiskManagement
0x000000000e374000 	/System/Library/Frameworks/DirectoryService.framework/Versions/A/DirectoryService
0x000000000e374000 	/System/Library/PrivateFrameworks/DiskImages.framework/Versions/A/DiskImages
0x000000000e374000 	/System/Library/PrivateFrameworks/LoginUIKit.framework/Versions/A/Frameworks/LoginUICore.framework/Versions/A/LoginUICore
0x000000000e374000 	/usr/lib/libCoreStorage.dylib
0x000000000e374000 	/usr/lib/libcsfde.dylib
0x000000000e374000 	/usr/lib/libodfde.dylib
0x000000000e374000 	/System/Library/PrivateFrameworks/MediaKit.framework/Versions/A/MediaKit
0x000000000e374000 	/System/Library/Frameworks/DiscRecording.framework/Versions/A/DiscRecording
0x000000000e374000 	/System/Library/PrivateFrameworks/EFILogin.framework/Versions/A/EFILogin
0x000000000e374000 	/System/Library/PrivateFrameworks/ProtectedCloudStorage.framework/Versions/A/ProtectedCloudStorage
0x000000000e374000 	/usr/lib/libcurl.4.dylib
0x000000000e374000 	/usr/lib/libcrypto.35.dylib
0x000000000e374000 	/usr/lib/libssl.35.dylib
0x000000000e374000 	/System/Library/Frameworks/LDAP.framework/Versions/A/LDAP
0x000000000e374000 	/System/Library/PrivateFrameworks/TrustEvaluationAgent.framework/Versions/A/TrustEvaluationAgent
0x000000000e374000 	/usr/lib/libsasl2.2.dylib
0x000000000e374000 	/System/Library/PrivateFrameworks/CoreDaemon.framework/Versions/B/CoreDaemon
0x000000000e374000 	/System/Library/PrivateFrameworks/AppleSRP.framework/Versions/A/AppleSRP
0x0000000119a6a000 	/Library/Java/JavaVirtualMachines/jdk1.8.0_101.jdk/Contents/Home/jre/lib/libmanagement.dylib
0x000000000e374000 	/System/Library/PrivateFrameworks/ViewBridge.framework/Versions/A/ViewBridge
0x0000000128f6e000 	/Library/Java/JavaVirtualMachines/jdk1.8.0_101.jdk/Contents/Home/jre/lib/libfontmanager.dylib
0x000000011985f000 	/Library/Java/JavaVirtualMachines/jdk1.8.0_101.jdk/Contents/Home/jre/lib/libosxui.dylib
0x000000000e374000 	/System/Library/Frameworks/OpenGL.framework/Versions/A/Resources/GLEngine.bundle/GLEngine
0x000000000e374000 	/System/Library/Frameworks/OpenGL.framework/Versions/A/Libraries/libGLProgrammability.dylib
0x0000000129d60000 	/System/Library/Extensions/AppleIntelBDWGraphicsGLDriver.bundle/Contents/MacOS/AppleIntelBDWGraphicsGLDriver
0x000000000e374000 	/System/Library/PrivateFrameworks/GPUSupport.framework/Versions/A/Libraries/libGPUSupportMercury.dylib
0x000000000e374000 	/System/Library/Frameworks/OpenGL.framework/Versions/A/Resources/GLRendererFloat.bundle/GLRendererFloat
0x000000000e374000 	/System/Library/Frameworks/OpenCL.framework/Versions/A/Libraries/libcldcpuengine.dylib
0x0000000118756000 	/Library/Java/JavaVirtualMachines/jdk1.8.0_101.jdk/Contents/Home/jre/lib/libdcpr.dylib
0x000000012d9e3000 	/Library/Java/JavaVirtualMachines/jdk1.8.0_101.jdk/Contents/Home/jre/lib/libnet.dylib
0x0000000119849000 	/Library/Java/JavaVirtualMachines/jdk1.8.0_101.jdk/Contents/Home/jre/lib/libnio.dylib

VM Arguments:
jvm_args: -agentlib:jdwp=transport=dt_socket,suspend=y,address=localhost:59368 -Dfile.encoding=UTF-8 
java_command: tracks.tutorialGeneration.TestTutorialGeneration
java_class_path (initial): /Users/michael/Documents/workspace1/GVGAI/bin:/Users/michael/Documents/workspace1/GVGAI/gson-2.6.2.jar:/Users/michael/Jars/json-simple-1.1.1.jar:/Users/michael/Documents/workspace1/GVGAI/jars/gs-core-1.3.jar:/Users/michael/Documents/workspace1/GVGAI/jars/gs-ui-1.3.jar
Launcher Type: SUN_STANDARD

Environment Variables:
PATH=/usr/bin:/bin:/usr/sbin:/sbin
SHELL=/bin/bash
DISPLAY=/private/tmp/com.apple.launchd.h3wKYulsKk/org.macosforge.xquartz:0

Signal Handlers:
SIGSEGV: [libjvm.dylib+0x5af145], sa_mask[0]=11111111011111110111111111111111, sa_flags=SA_ONSTACK|SA_RESTART|SA_SIGINFO
SIGBUS: [libjvm.dylib+0x5af145], sa_mask[0]=11111111011111110111111111111111, sa_flags=SA_RESTART|SA_SIGINFO
SIGFPE: [libjvm.dylib+0x48694c], sa_mask[0]=11111111011111110111111111111111, sa_flags=SA_RESTART|SA_SIGINFO
SIGPIPE: [libjvm.dylib+0x48694c], sa_mask[0]=11111111011111110111111111111111, sa_flags=SA_RESTART|SA_SIGINFO
SIGXFSZ: [libjvm.dylib+0x48694c], sa_mask[0]=11111111011111110111111111111111, sa_flags=SA_RESTART|SA_SIGINFO
SIGILL: [libjvm.dylib+0x48694c], sa_mask[0]=11111111011111110111111111111111, sa_flags=SA_RESTART|SA_SIGINFO
SIGUSR1: SIG_DFL, sa_mask[0]=00000000000000000000000000000000, sa_flags=none
SIGUSR2: [libjvm.dylib+0x48646a], sa_mask[0]=00100000000000000000000000000000, sa_flags=SA_RESTART|SA_SIGINFO
SIGHUP: [libjvm.dylib+0x484a41], sa_mask[0]=11111111011111110111111111111111, sa_flags=SA_RESTART|SA_SIGINFO
SIGINT: [libjvm.dylib+0x484a41], sa_mask[0]=11111111011111110111111111111111, sa_flags=SA_RESTART|SA_SIGINFO
SIGTERM: [libjvm.dylib+0x484a41], sa_mask[0]=11111111011111110111111111111111, sa_flags=SA_RESTART|SA_SIGINFO
SIGQUIT: [libjvm.dylib+0x484a41], sa_mask[0]=11111111011111110111111111111111, sa_flags=SA_RESTART|SA_SIGINFO


---------------  S Y S T E M  ---------------

OS:Bsduname:Darwin 17.5.0 Darwin Kernel Version 17.5.0: Mon Mar  5 22:24:32 PST 2018; root:xnu-4570.51.1~1/RELEASE_X86_64 x86_64
rlimit: STACK 8192k, CORE 0k, NPROC 709, NOFILE 10240, AS infinity
load average:2.21 2.49 2.65

CPU:total 4 (2 cores per cpu, 2 threads per core) family 6 model 61 stepping 4, cmov, cx8, fxsr, mmx, sse, sse2, sse3, ssse3, sse4.1, sse4.2, popcnt, avx, avx2, aes, clmul, erms, 3dnowpref, lzcnt, ht, tsc, tscinvbit, bmi1, bmi2, adx

Memory: 4k page, physical 8388608k(72648k free)

/proc/meminfo:


vm_info: Java HotSpot(TM) 64-Bit Server VM (25.101-b13) for bsd-amd64 JRE (1.8.0_101-b13), built on Jun 22 2016 02:42:15 by "java_re" with gcc 4.2.1 (Based on Apple Inc. build 5658) (LLVM build 2336.11.00)

time: Mon Apr 30 14:47:16 2018
elapsed time: 5814 seconds (0d 1h 36m 54s)

